::1 - - [26/Apr/2024:02:04:46 +0000] "POST /utilisateurs/generateApiKey HTTP/1.1" 500 32
::1 - - [26/Apr/2024:02:05:01 +0000] "POST /utilisateurs/generateApiKey HTTP/1.1" 500 32
::1 - - [26/Apr/2024:02:07:24 +0000] "POST /utilisateurs/generateApiKey HTTP/1.1" 500 32
::1 - - [26/Apr/2024:02:09:36 +0000] "POST /utilisateurs/generateApiKey HTTP/1.1" 500 32
::1 - - [26/Apr/2024:02:11:06 +0000] "POST /utilisateurs/generateApiKey HTTP/1.1" 500 32
::1 - - [26/Apr/2024:02:12:23 +0000] "POST /utilisateurs/generateApiKey HTTP/1.1" 500 32
::1 - - [26/Apr/2024:02:13:12 +0000] "POST /utilisateurs/generateApiKey HTTP/1.1" 500 32
::1 - - [26/Apr/2024:02:16:15 +0000] "POST /utilisateurs/generateApiKey HTTP/1.1" 500 32
::1 - - [26/Apr/2024:02:16:54 +0000] "POST /utilisateurs/generateApiKey HTTP/1.1" 500 32
::1 - - [26/Apr/2024:02:20:06 +0000] "POST /utilisateurs/generateApiKey HTTP/1.1" 500 32
::1 - - [26/Apr/2024:02:23:00 +0000] "POST /utilisateurs/generateApiKey HTTP/1.1" 500 32
::1 - - [26/Apr/2024:02:23:53 +0000] "POST /utilisateurs/generateApiKey HTTP/1.1" 500 32
::1 - - [26/Apr/2024:02:24:45 +0000] "POST /utilisateurs/generateApiKey HTTP/1.1" 500 32
::1 - - [26/Apr/2024:02:25:57 +0000] "POST /utilisateurs/generateApiKey HTTP/1.1" 500 32
::1 - - [26/Apr/2024:02:27:30 +0000] "POST /utilisateurs/generateApiKey HTTP/1.1" 500 32
::1 - - [26/Apr/2024:02:28:51 +0000] "POST /utilisateurs/generateApiKey HTTP/1.1" 500 32
::1 - - [26/Apr/2024:02:30:46 +0000] "POST /utilisateurs/generateApiKey HTTP/1.1" 500 32
::1 - - [26/Apr/2024:02:32:51 +0000] "POST /utilisateurs/generateApiKey HTTP/1.1" 500 32
::1 - - [26/Apr/2024:02:34:57 +0000] "POST /utilisateurs/generateApiKey HTTP/1.1" 500 32
::1 - - [26/Apr/2024:02:36:34 +0000] "POST /utilisateurs/generateApiKey HTTP/1.1" 500 32
::1 - - [26/Apr/2024:02:37:18 +0000] "POST /utilisateurs/generateApiKey HTTP/1.1" 500 32
::1 - - [27/Apr/2024:23:42:20 +0000] "POST /taches/ajouter HTTP/1.1" 500 85
::1 - - [27/Apr/2024:23:43:02 +0000] "POST /taches/ajouter HTTP/1.1" 500 85
::1 - - [27/Apr/2024:23:47:42 +0000] "POST /taches/ajouter HTTP/1.1" 500 100
::1 - - [28/Apr/2024:00:07:00 +0000] "PUT /taches/update/5 HTTP/1.1" 500 84
::1 - - [28/Apr/2024:00:07:26 +0000] "PUT /taches/update/5 HTTP/1.1" 500 84
::1 - - [28/Apr/2024:00:08:20 +0000] "PUT /taches/update/5 HTTP/1.1" 500 84
::1 - - [28/Apr/2024:00:10:25 +0000] "PUT /taches/update/9 HTTP/1.1" 500 84
::1 - - [28/Apr/2024:00:10:36 +0000] "PUT /taches/update/9 HTTP/1.1" 500 84
::1 - - [28/Apr/2024:00:11:17 +0000] "PUT /taches/update/9 HTTP/1.1" 500 84
::1 - - [28/Apr/2024:00:12:09 +0000] "PUT /taches/update/9 HTTP/1.1" 500 84
::1 - - [28/Apr/2024:00:14:26 +0000] "PUT /taches/update/9 HTTP/1.1" 500 84
::1 - - [28/Apr/2024:00:14:27 +0000] "PUT /taches/update/9 HTTP/1.1" 500 84
::1 - - [28/Apr/2024:00:15:09 +0000] "PUT /taches/update/9 HTTP/1.1" 500 84
::1 - - [28/Apr/2024:00:16:59 +0000] "PUT /taches/update/9 HTTP/1.1" 500 84
::1 - - [28/Apr/2024:00:18:04 +0000] "PUT /taches/update/9 HTTP/1.1" 500 84
::1 - - [28/Apr/2024:00:18:48 +0000] "PUT /taches/update/9 HTTP/1.1" 500 84
::1 - - [28/Apr/2024:20:30:47 +0000] "DELETE /taches/delete/15 HTTP/1.1" 500 -
::1 - - [28/Apr/2024:20:45:39 +0000] "PUT /sous-taches/update/5 HTTP/1.1" 500 23
::1 - - [28/Apr/2024:20:46:05 +0000] "PUT /sous-taches/update/5 HTTP/1.1" 500 23
::1 - - [28/Apr/2024:20:46:21 +0000] "PUT /sous-taches/update/5 HTTP/1.1" 500 23
::1 - - [28/Apr/2024:21:22:37 +0000] "POST /sous-taches/ajouter HTTP/1.1" 500 99
